[05-Jan-2025 06:48:32 Europe/Berlin] [2025-01-05 06:48:32] Starting order creation process
[05-Jan-2025 06:48:32 Europe/Berlin] [2025-01-05 06:48:32] Data received: Array
(
    [action] => create
    [subtotal] => 24.99
    [discount] => 0
    [total] => 24.99
    [name] => Admin User
    [email] => admin@pepecomics.com
    [phone] => 988887666
    [address] => asom
    [city] => asom
    [state] => asom
    [zip] => 781003
    [payment_method] => Cash
    [card_number] => 
    [expiry] => 
    [cvv] => 
    [upi_id] => 
)

[05-Jan-2025 06:48:32 Europe/Berlin] [2025-01-05 06:48:32] Transaction started
[05-Jan-2025 06:48:32 Europe/Berlin] Cart Query: SELECT c.comic_id, c.title, c.price, c.stock, c.image_name as image, c.author,
                         cart.quantity, (c.price * cart.quantity) as total_price 
                  FROM cart 
                  JOIN comics c ON cart.comic_id = c.comic_id 
                  WHERE cart.user_id = :user_id
[05-Jan-2025 06:48:32 Europe/Berlin] User ID: 3
[05-Jan-2025 06:48:32 Europe/Berlin] Cart Results: Array
(
    [0] => Array
        (
            [comic_id] => 3
            [title] => Space Warriors
            [price] => 24.99
            [stock] => 25
            [image] => space-warriors.jpg
            [author] => Mike Scribe
            [quantity] => 1
            [total_price] => 24.99
        )

)

[05-Jan-2025 06:48:32 Europe/Berlin] [2025-01-05 06:48:32] Cart items retrieved: Array
(
    [0] => Array
        (
            [comic_id] => 3
            [title] => Space Warriors
            [price] => 24.99
            [stock] => 25
            [image] => space-warriors.jpg
            [author] => Mike Scribe
            [quantity] => 1
            [total_price] => 24.99
        )

)

[05-Jan-2025 06:48:32 Europe/Berlin] [2025-01-05 06:48:32] Error: Missing required field: postal_code
[05-Jan-2025 06:48:40 Europe/Berlin] [2025-01-05 06:48:40] Starting order creation process
[05-Jan-2025 06:48:40 Europe/Berlin] [2025-01-05 06:48:40] Data received: Array
(
    [action] => create
    [subtotal] => 24.99
    [discount] => 0
    [total] => 24.99
    [name] => Admin User
    [email] => admin@pepecomics.com
    [phone] => 988887666
    [address] => asom
    [city] => asom
    [state] => asom
    [zip] => 781003
    [payment_method] => Cash
    [card_number] => 
    [expiry] => 
    [cvv] => 
    [upi_id] => 
)

[05-Jan-2025 06:48:40 Europe/Berlin] [2025-01-05 06:48:40] Transaction started
[05-Jan-2025 06:48:40 Europe/Berlin] Cart Query: SELECT c.comic_id, c.title, c.price, c.stock, c.image_name as image, c.author,
                         cart.quantity, (c.price * cart.quantity) as total_price 
                  FROM cart 
                  JOIN comics c ON cart.comic_id = c.comic_id 
                  WHERE cart.user_id = :user_id
[05-Jan-2025 06:48:40 Europe/Berlin] User ID: 3
[05-Jan-2025 06:48:40 Europe/Berlin] Cart Results: Array
(
    [0] => Array
        (
            [comic_id] => 3
            [title] => Space Warriors
            [price] => 24.99
            [stock] => 25
            [image] => space-warriors.jpg
            [author] => Mike Scribe
            [quantity] => 1
            [total_price] => 24.99
        )

)

[05-Jan-2025 06:48:40 Europe/Berlin] [2025-01-05 06:48:40] Cart items retrieved: Array
(
    [0] => Array
        (
            [comic_id] => 3
            [title] => Space Warriors
            [price] => 24.99
            [stock] => 25
            [image] => space-warriors.jpg
            [author] => Mike Scribe
            [quantity] => 1
            [total_price] => 24.99
        )

)

[05-Jan-2025 06:48:40 Europe/Berlin] [2025-01-05 06:48:40] Error: Missing required field: postal_code
[05-Jan-2025 06:50:59 Europe/Berlin] [2025-01-05 06:50:59] Starting order creation process
[05-Jan-2025 06:50:59 Europe/Berlin] [2025-01-05 06:50:59] Data received: Array
(
    [action] => create
    [subtotal] => 24.99
    [discount] => 0
    [total] => 24.99
    [name] => Admin User
    [email] => admin@pepecomics.com
    [phone] => 988887666
    [address] => asom
    [city] => asom
    [state] => asom
    [zip] => 781003
    [payment_method] => Cash
    [card_number] => 
    [expiry] => 
    [cvv] => 
    [upi_id] => 
)

[05-Jan-2025 06:50:59 Europe/Berlin] [2025-01-05 06:50:59] Transaction started
[05-Jan-2025 06:50:59 Europe/Berlin] Cart Query: SELECT c.comic_id, c.title, c.price, c.stock, c.image_name as image, c.author,
                         cart.quantity, (c.price * cart.quantity) as total_price 
                  FROM cart 
                  JOIN comics c ON cart.comic_id = c.comic_id 
                  WHERE cart.user_id = :user_id
[05-Jan-2025 06:50:59 Europe/Berlin] User ID: 3
[05-Jan-2025 06:50:59 Europe/Berlin] Cart Results: Array
(
    [0] => Array
        (
            [comic_id] => 3
            [title] => Space Warriors
            [price] => 24.99
            [stock] => 25
            [image] => space-warriors.jpg
            [author] => Mike Scribe
            [quantity] => 1
            [total_price] => 24.99
        )

)

[05-Jan-2025 06:50:59 Europe/Berlin] [2025-01-05 06:50:59] Cart items retrieved: Array
(
    [0] => Array
        (
            [comic_id] => 3
            [title] => Space Warriors
            [price] => 24.99
            [stock] => 25
            [image] => space-warriors.jpg
            [author] => Mike Scribe
            [quantity] => 1
            [total_price] => 24.99
        )

)

[05-Jan-2025 06:50:59 Europe/Berlin] [2025-01-05 06:50:59] Error: Missing required field: postal_code
[05-Jan-2025 06:51:23 Europe/Berlin] [2025-01-05 06:51:23] Starting order creation process
[05-Jan-2025 06:51:23 Europe/Berlin] [2025-01-05 06:51:23] Data received: Array
(
    [action] => create
    [subtotal] => 24.99
    [discount] => 0
    [total] => 24.99
    [name] => Admin User
    [email] => admin@pepecomics.com
    [phone] => 988887666
    [address] => asom
    [city] => asom
    [state] => asom
    [postal_code] => 7544322
    [payment_method] => Cash
    [card_number] => 
    [expiry] => 
    [cvv] => 
    [upi_id] => 
)

[05-Jan-2025 06:51:23 Europe/Berlin] [2025-01-05 06:51:23] Transaction started
[05-Jan-2025 06:51:23 Europe/Berlin] Cart Query: SELECT c.comic_id, c.title, c.price, c.stock, c.image_name as image, c.author,
                         cart.quantity, (c.price * cart.quantity) as total_price 
                  FROM cart 
                  JOIN comics c ON cart.comic_id = c.comic_id 
                  WHERE cart.user_id = :user_id
[05-Jan-2025 06:51:23 Europe/Berlin] User ID: 3
[05-Jan-2025 06:51:23 Europe/Berlin] Cart Results: Array
(
    [0] => Array
        (
            [comic_id] => 3
            [title] => Space Warriors
            [price] => 24.99
            [stock] => 25
            [image] => space-warriors.jpg
            [author] => Mike Scribe
            [quantity] => 1
            [total_price] => 24.99
        )

)

[05-Jan-2025 06:51:23 Europe/Berlin] [2025-01-05 06:51:23] Cart items retrieved: Array
(
    [0] => Array
        (
            [comic_id] => 3
            [title] => Space Warriors
            [price] => 24.99
            [stock] => 25
            [image] => space-warriors.jpg
            [author] => Mike Scribe
            [quantity] => 1
            [total_price] => 24.99
        )

)

[05-Jan-2025 06:51:23 Europe/Berlin] [2025-01-05 06:51:23] Shipping address formatted: asom, asom, asom 7544322
[05-Jan-2025 06:51:23 Europe/Berlin] [2025-01-05 06:51:23] Attempting to create order with data: Array
(
    [user_id] => 3
    [shipping_address] => asom, asom, asom 7544322
    [total_amount] => 24.99
)

[05-Jan-2025 06:51:23 Europe/Berlin] [2025-01-05 06:51:23] Error in createOrder: There is already an active transaction
[05-Jan-2025 06:51:23 Europe/Berlin] [2025-01-05 06:51:23] Stack trace: #0 C:\xampp\htdocs\pepecomics\php\models\Order.php(10): PDO->beginTransaction()
#1 C:\xampp\htdocs\pepecomics\php\controllers\orders.php(136): Order->createOrder(Array)
#2 C:\xampp\htdocs\pepecomics\php\controllers\orders.php(68): OrdersController->createOrder(Array)
#3 C:\xampp\htdocs\pepecomics\php\controllers\orders.php(287): OrdersController->handleRequest()
#4 {main}
[05-Jan-2025 06:51:48 Europe/Berlin] [2025-01-05 06:51:48] Starting order creation process
[05-Jan-2025 06:51:48 Europe/Berlin] [2025-01-05 06:51:48] Data received: Array
(
    [action] => create
    [subtotal] => 24.99
    [discount] => 0
    [total] => 24.99
    [name] => Admin User
    [email] => admin@comicbazaar.com
    [phone] => 8
    [address] => 321 Maple Lane
    [city] => Gotham
    [state] => NJ
    [postal_code] => 07030
    [payment_method] => Cash
    [card_number] => 
    [expiry] => 
    [cvv] => 
    [upi_id] => 
)

[05-Jan-2025 06:51:48 Europe/Berlin] [2025-01-05 06:51:48] Transaction started
[05-Jan-2025 06:51:48 Europe/Berlin] Cart Query: SELECT c.comic_id, c.title, c.price, c.stock, c.image_name as image, c.author,
                         cart.quantity, (c.price * cart.quantity) as total_price 
                  FROM cart 
                  JOIN comics c ON cart.comic_id = c.comic_id 
                  WHERE cart.user_id = :user_id
[05-Jan-2025 06:51:48 Europe/Berlin] User ID: 3
[05-Jan-2025 06:51:48 Europe/Berlin] Cart Results: Array
(
    [0] => Array
        (
            [comic_id] => 3
            [title] => Space Warriors
            [price] => 24.99
            [stock] => 25
            [image] => space-warriors.jpg
            [author] => Mike Scribe
            [quantity] => 1
            [total_price] => 24.99
        )

)

[05-Jan-2025 06:51:48 Europe/Berlin] [2025-01-05 06:51:48] Cart items retrieved: Array
(
    [0] => Array
        (
            [comic_id] => 3
            [title] => Space Warriors
            [price] => 24.99
            [stock] => 25
            [image] => space-warriors.jpg
            [author] => Mike Scribe
            [quantity] => 1
            [total_price] => 24.99
        )

)

[05-Jan-2025 06:51:48 Europe/Berlin] [2025-01-05 06:51:48] Shipping address formatted: 321 Maple Lane, Gotham, NJ 07030
[05-Jan-2025 06:51:48 Europe/Berlin] [2025-01-05 06:51:48] Attempting to create order with data: Array
(
    [user_id] => 3
    [shipping_address] => 321 Maple Lane, Gotham, NJ 07030
    [total_amount] => 24.99
)

[05-Jan-2025 06:51:48 Europe/Berlin] [2025-01-05 06:51:48] Error in createOrder: There is already an active transaction
[05-Jan-2025 06:51:48 Europe/Berlin] [2025-01-05 06:51:48] Stack trace: #0 C:\xampp\htdocs\pepecomics\php\models\Order.php(10): PDO->beginTransaction()
#1 C:\xampp\htdocs\pepecomics\php\controllers\orders.php(136): Order->createOrder(Array)
#2 C:\xampp\htdocs\pepecomics\php\controllers\orders.php(68): OrdersController->createOrder(Array)
#3 C:\xampp\htdocs\pepecomics\php\controllers\orders.php(287): OrdersController->handleRequest()
#4 {main}
[05-Jan-2025 06:52:04 Europe/Berlin] [2025-01-05 06:52:04] Starting order creation process
[05-Jan-2025 06:52:04 Europe/Berlin] [2025-01-05 06:52:04] Data received: Array
(
    [action] => create
    [subtotal] => 24.99
    [discount] => 0
    [total] => 24.99
    [name] => Admin User
    [email] => admin@comicbazaar.com
    [phone] => 8
    [address] => 321 Maple Lane
    [city] => Gotham
    [state] => NJ
    [postal_code] => 07030
    [payment_method] => Cash
    [card_number] => 
    [expiry] => 
    [cvv] => 
    [upi_id] => 
)

[05-Jan-2025 06:52:04 Europe/Berlin] [2025-01-05 06:52:04] Transaction started
[05-Jan-2025 06:52:04 Europe/Berlin] Cart Query: SELECT c.comic_id, c.title, c.price, c.stock, c.image_name as image, c.author,
                         cart.quantity, (c.price * cart.quantity) as total_price 
                  FROM cart 
                  JOIN comics c ON cart.comic_id = c.comic_id 
                  WHERE cart.user_id = :user_id
[05-Jan-2025 06:52:04 Europe/Berlin] User ID: 3
[05-Jan-2025 06:52:04 Europe/Berlin] Cart Results: Array
(
    [0] => Array
        (
            [comic_id] => 3
            [title] => Space Warriors
            [price] => 24.99
            [stock] => 25
            [image] => space-warriors.jpg
            [author] => Mike Scribe
            [quantity] => 1
            [total_price] => 24.99
        )

)

[05-Jan-2025 06:52:04 Europe/Berlin] [2025-01-05 06:52:04] Cart items retrieved: Array
(
    [0] => Array
        (
            [comic_id] => 3
            [title] => Space Warriors
            [price] => 24.99
            [stock] => 25
            [image] => space-warriors.jpg
            [author] => Mike Scribe
            [quantity] => 1
            [total_price] => 24.99
        )

)

[05-Jan-2025 06:52:04 Europe/Berlin] [2025-01-05 06:52:04] Shipping address formatted: 321 Maple Lane, Gotham, NJ 07030
[05-Jan-2025 06:52:04 Europe/Berlin] [2025-01-05 06:52:04] Attempting to create order with data: Array
(
    [user_id] => 3
    [shipping_address] => 321 Maple Lane, Gotham, NJ 07030
    [total_amount] => 24.99
)

[05-Jan-2025 06:52:04 Europe/Berlin] [2025-01-05 06:52:04] Error in createOrder: There is already an active transaction
[05-Jan-2025 06:52:04 Europe/Berlin] [2025-01-05 06:52:04] Stack trace: #0 C:\xampp\htdocs\pepecomics\php\models\Order.php(10): PDO->beginTransaction()
#1 C:\xampp\htdocs\pepecomics\php\controllers\orders.php(136): Order->createOrder(Array)
#2 C:\xampp\htdocs\pepecomics\php\controllers\orders.php(68): OrdersController->createOrder(Array)
#3 C:\xampp\htdocs\pepecomics\php\controllers\orders.php(287): OrdersController->handleRequest()
#4 {main}
[05-Jan-2025 06:53:59 Europe/Berlin] [2025-01-05 06:53:59] Starting order creation process
[05-Jan-2025 06:53:59 Europe/Berlin] [2025-01-05 06:53:59] Data received: Array
(
    [action] => create
    [subtotal] => 24.99
    [discount] => 0
    [total] => 24.99
    [name] => Admin User
    [email] => admin@comicbazaar.com
    [phone] => 8
    [address] => 321 Maple Lane
    [city] => Gotham
    [state] => NJ
    [postal_code] => 07030
    [payment_method] => Cash
    [card_number] => 
    [expiry] => 
    [cvv] => 
    [upi_id] => 
)

[05-Jan-2025 06:53:59 Europe/Berlin] Cart Query: SELECT c.comic_id, c.title, c.price, c.stock, c.image_name as image, c.author,
                         cart.quantity, (c.price * cart.quantity) as total_price 
                  FROM cart 
                  JOIN comics c ON cart.comic_id = c.comic_id 
                  WHERE cart.user_id = :user_id
[05-Jan-2025 06:53:59 Europe/Berlin] User ID: 3
[05-Jan-2025 06:53:59 Europe/Berlin] Cart Results: Array
(
    [0] => Array
        (
            [comic_id] => 3
            [title] => Space Warriors
            [price] => 24.99
            [stock] => 25
            [image] => space-warriors.jpg
            [author] => Mike Scribe
            [quantity] => 1
            [total_price] => 24.99
        )

)

[05-Jan-2025 06:53:59 Europe/Berlin] [2025-01-05 06:53:59] Cart items retrieved: Array
(
    [0] => Array
        (
            [comic_id] => 3
            [title] => Space Warriors
            [price] => 24.99
            [stock] => 25
            [image] => space-warriors.jpg
            [author] => Mike Scribe
            [quantity] => 1
            [total_price] => 24.99
        )

)

[05-Jan-2025 06:53:59 Europe/Berlin] [2025-01-05 06:53:59] Transaction started
[05-Jan-2025 06:53:59 Europe/Berlin] [2025-01-05 06:53:59] Shipping address formatted: 321 Maple Lane, Gotham, NJ 07030
[05-Jan-2025 06:53:59 Europe/Berlin] [2025-01-05 06:53:59] Attempting to create order with data: Array
(
    [user_id] => 3
    [shipping_address] => 321 Maple Lane, Gotham, NJ 07030
    [total_amount] => 24.99
)

[05-Jan-2025 06:53:59 Europe/Berlin] [2025-01-05 06:53:59] Transaction rolled back
[05-Jan-2025 06:53:59 Europe/Berlin] [2025-01-05 06:53:59] Error in createOrder: There is already an active transaction
[05-Jan-2025 06:53:59 Europe/Berlin] [2025-01-05 06:53:59] Stack trace: #0 C:\xampp\htdocs\pepecomics\php\models\Order.php(10): PDO->beginTransaction()
#1 C:\xampp\htdocs\pepecomics\php\controllers\orders.php(141): Order->createOrder(Array)
#2 C:\xampp\htdocs\pepecomics\php\controllers\orders.php(68): OrdersController->createOrder(Array)
#3 C:\xampp\htdocs\pepecomics\php\controllers\orders.php(300): OrdersController->handleRequest()
#4 {main}
[05-Jan-2025 06:56:11 Europe/Berlin] [2025-01-05 06:56:11] Starting order creation process
[05-Jan-2025 06:56:11 Europe/Berlin] [2025-01-05 06:56:11] Data received: Array
(
    [action] => create
    [subtotal] => 24.99
    [discount] => 0
    [total] => 24.99
    [name] => Admin User
    [email] => admin@comicbazaar.com
    [phone] => 8
    [address] => 321 Maple Lane
    [city] => Gotham
    [state] => NJ
    [postal_code] => 07030
    [payment_method] => Cash
    [card_number] => 
    [expiry] => 
    [cvv] => 
    [upi_id] => 
)

[05-Jan-2025 06:56:11 Europe/Berlin] Cart Query: SELECT c.comic_id, c.title, c.price, c.stock, c.image_name as image, c.author,
                         cart.quantity, (c.price * cart.quantity) as total_price 
                  FROM cart 
                  JOIN comics c ON cart.comic_id = c.comic_id 
                  WHERE cart.user_id = :user_id
[05-Jan-2025 06:56:11 Europe/Berlin] User ID: 3
[05-Jan-2025 06:56:11 Europe/Berlin] Cart Results: Array
(
    [0] => Array
        (
            [comic_id] => 3
            [title] => Space Warriors
            [price] => 24.99
            [stock] => 25
            [image] => space-warriors.jpg
            [author] => Mike Scribe
            [quantity] => 1
            [total_price] => 24.99
        )

)

[05-Jan-2025 06:56:11 Europe/Berlin] [2025-01-05 06:56:11] Cart items retrieved: Array
(
    [0] => Array
        (
            [comic_id] => 3
            [title] => Space Warriors
            [price] => 24.99
            [stock] => 25
            [image] => space-warriors.jpg
            [author] => Mike Scribe
            [quantity] => 1
            [total_price] => 24.99
        )

)

[05-Jan-2025 06:56:11 Europe/Berlin] [2025-01-05 06:56:11] Transaction started
[05-Jan-2025 06:56:11 Europe/Berlin] [2025-01-05 06:56:11] Shipping address formatted: 321 Maple Lane, Gotham, NJ 07030
[05-Jan-2025 06:56:11 Europe/Berlin] [2025-01-05 06:56:11] Attempting to create order with data: Array
(
    [user_id] => 3
    [shipping_address] => 321 Maple Lane, Gotham, NJ 07030
    [total_amount] => 24.99
)

[05-Jan-2025 06:56:11 Europe/Berlin] [2025-01-05 06:56:11] Transaction rolled back
[05-Jan-2025 06:56:11 Europe/Berlin] [2025-01-05 06:56:11] Error in createOrder: There is already an active transaction
[05-Jan-2025 06:56:11 Europe/Berlin] [2025-01-05 06:56:11] Stack trace: #0 C:\xampp\htdocs\pepecomics\php\models\Order.php(10): PDO->beginTransaction()
#1 C:\xampp\htdocs\pepecomics\php\controllers\orders.php(141): Order->createOrder(Array)
#2 C:\xampp\htdocs\pepecomics\php\controllers\orders.php(68): OrdersController->createOrder(Array)
#3 C:\xampp\htdocs\pepecomics\php\controllers\orders.php(300): OrdersController->handleRequest()
#4 {main}
[05-Jan-2025 06:56:40 Europe/Berlin] [2025-01-05 06:56:40] Starting order creation process
[05-Jan-2025 06:56:40 Europe/Berlin] [2025-01-05 06:56:40] Data received: Array
(
    [action] => create
    [subtotal] => 24.99
    [discount] => 0
    [total] => 24.99
    [name] => Admin User
    [email] => admin@pepecomics.com
    [phone] => 988887666
    [address] => asom
    [city] => asom
    [state] => asom
    [postal_code] => 7544322
    [payment_method] => Cash
    [card_number] => 
    [expiry] => 
    [cvv] => 
    [upi_id] => 
)

[05-Jan-2025 06:56:40 Europe/Berlin] Cart Query: SELECT c.comic_id, c.title, c.price, c.stock, c.image_name as image, c.author,
                         cart.quantity, (c.price * cart.quantity) as total_price 
                  FROM cart 
                  JOIN comics c ON cart.comic_id = c.comic_id 
                  WHERE cart.user_id = :user_id
[05-Jan-2025 06:56:40 Europe/Berlin] User ID: 3
[05-Jan-2025 06:56:40 Europe/Berlin] Cart Results: Array
(
    [0] => Array
        (
            [comic_id] => 3
            [title] => Space Warriors
            [price] => 24.99
            [stock] => 25
            [image] => space-warriors.jpg
            [author] => Mike Scribe
            [quantity] => 1
            [total_price] => 24.99
        )

)

[05-Jan-2025 06:56:40 Europe/Berlin] [2025-01-05 06:56:40] Cart items retrieved: Array
(
    [0] => Array
        (
            [comic_id] => 3
            [title] => Space Warriors
            [price] => 24.99
            [stock] => 25
            [image] => space-warriors.jpg
            [author] => Mike Scribe
            [quantity] => 1
            [total_price] => 24.99
        )

)

[05-Jan-2025 06:56:40 Europe/Berlin] [2025-01-05 06:56:40] Transaction started
[05-Jan-2025 06:56:40 Europe/Berlin] [2025-01-05 06:56:40] Shipping address formatted: asom, asom, asom 7544322
[05-Jan-2025 06:56:40 Europe/Berlin] [2025-01-05 06:56:40] Attempting to create order with data: Array
(
    [user_id] => 3
    [shipping_address] => asom, asom, asom 7544322
    [total_amount] => 24.99
)

[05-Jan-2025 06:56:40 Europe/Berlin] [2025-01-05 06:56:40] Transaction rolled back
[05-Jan-2025 06:56:40 Europe/Berlin] [2025-01-05 06:56:40] Error in createOrder: There is already an active transaction
[05-Jan-2025 06:56:40 Europe/Berlin] [2025-01-05 06:56:40] Stack trace: #0 C:\xampp\htdocs\pepecomics\php\models\Order.php(10): PDO->beginTransaction()
#1 C:\xampp\htdocs\pepecomics\php\controllers\orders.php(141): Order->createOrder(Array)
#2 C:\xampp\htdocs\pepecomics\php\controllers\orders.php(68): OrdersController->createOrder(Array)
#3 C:\xampp\htdocs\pepecomics\php\controllers\orders.php(300): OrdersController->handleRequest()
#4 {main}
[05-Jan-2025 06:57:41 Europe/Berlin] [2025-01-05 06:57:41] Starting order creation process
[05-Jan-2025 06:57:41 Europe/Berlin] [2025-01-05 06:57:41] Data received: Array
(
    [action] => create
    [subtotal] => 24.99
    [discount] => 0
    [total] => 24.99
    [name] => Admin User
    [email] => admin@pepecomics.com
    [phone] => 988887666
    [address] => asom
    [city] => asom
    [state] => asom
    [postal_code] => 7544322
    [payment_method] => Cash
    [card_number] => 
    [expiry] => 
    [cvv] => 
    [upi_id] => 
)

[05-Jan-2025 06:57:41 Europe/Berlin] Cart Query: SELECT c.comic_id, c.title, c.price, c.stock, c.image_name as image, c.author,
                         cart.quantity, (c.price * cart.quantity) as total_price 
                  FROM cart 
                  JOIN comics c ON cart.comic_id = c.comic_id 
                  WHERE cart.user_id = :user_id
[05-Jan-2025 06:57:41 Europe/Berlin] User ID: 3
[05-Jan-2025 06:57:41 Europe/Berlin] Cart Results: Array
(
    [0] => Array
        (
            [comic_id] => 3
            [title] => Space Warriors
            [price] => 24.99
            [stock] => 25
            [image] => space-warriors.jpg
            [author] => Mike Scribe
            [quantity] => 1
            [total_price] => 24.99
        )

)

[05-Jan-2025 06:57:41 Europe/Berlin] [2025-01-05 06:57:41] Cart items retrieved: Array
(
    [0] => Array
        (
            [comic_id] => 3
            [title] => Space Warriors
            [price] => 24.99
            [stock] => 25
            [image] => space-warriors.jpg
            [author] => Mike Scribe
            [quantity] => 1
            [total_price] => 24.99
        )

)

[05-Jan-2025 06:57:41 Europe/Berlin] [2025-01-05 06:57:41] Transaction started
[05-Jan-2025 06:57:41 Europe/Berlin] [2025-01-05 06:57:41] Shipping address formatted: asom, asom, asom 7544322
[05-Jan-2025 06:57:41 Europe/Berlin] [2025-01-05 06:57:41] Attempting to create order with data: Array
(
    [user_id] => 3
    [shipping_address] => asom, asom, asom 7544322
    [total_amount] => 24.99
)

[05-Jan-2025 06:57:41 Europe/Berlin] [2025-01-05 06:57:41] Transaction rolled back
[05-Jan-2025 06:57:41 Europe/Berlin] [2025-01-05 06:57:41] Error in createOrder: There is already an active transaction
[05-Jan-2025 06:57:41 Europe/Berlin] [2025-01-05 06:57:41] Stack trace: #0 C:\xampp\htdocs\pepecomics\php\models\Order.php(10): PDO->beginTransaction()
#1 C:\xampp\htdocs\pepecomics\php\controllers\orders.php(141): Order->createOrder(Array)
#2 C:\xampp\htdocs\pepecomics\php\controllers\orders.php(68): OrdersController->createOrder(Array)
#3 C:\xampp\htdocs\pepecomics\php\controllers\orders.php(300): OrdersController->handleRequest()
#4 {main}
[05-Jan-2025 06:58:18 Europe/Berlin] [2025-01-05 06:58:18] Starting order creation process
[05-Jan-2025 06:58:18 Europe/Berlin] [2025-01-05 06:58:18] Data received: Array
(
    [action] => create
    [subtotal] => 24.99
    [discount] => 0
    [total] => 24.99
    [name] => Admin User
    [email] => admin@pepecomics.com
    [phone] => 988887666
    [address] => asom
    [city] => asom
    [state] => asom
    [postal_code] => 7544322
    [payment_method] => Cash
    [card_number] => 
    [expiry] => 
    [cvv] => 
    [upi_id] => 
)

[05-Jan-2025 06:58:18 Europe/Berlin] Cart Query: SELECT c.comic_id, c.title, c.price, c.stock, c.image_name as image, c.author,
                         cart.quantity, (c.price * cart.quantity) as total_price 
                  FROM cart 
                  JOIN comics c ON cart.comic_id = c.comic_id 
                  WHERE cart.user_id = :user_id
[05-Jan-2025 06:58:18 Europe/Berlin] User ID: 3
[05-Jan-2025 06:58:18 Europe/Berlin] Cart Results: Array
(
    [0] => Array
        (
            [comic_id] => 3
            [title] => Space Warriors
            [price] => 24.99
            [stock] => 25
            [image] => space-warriors.jpg
            [author] => Mike Scribe
            [quantity] => 1
            [total_price] => 24.99
        )

)

[05-Jan-2025 06:58:18 Europe/Berlin] [2025-01-05 06:58:18] Cart items retrieved: Array
(
    [0] => Array
        (
            [comic_id] => 3
            [title] => Space Warriors
            [price] => 24.99
            [stock] => 25
            [image] => space-warriors.jpg
            [author] => Mike Scribe
            [quantity] => 1
            [total_price] => 24.99
        )

)

[05-Jan-2025 06:58:18 Europe/Berlin] [2025-01-05 06:58:18] Transaction started
[05-Jan-2025 06:58:18 Europe/Berlin] [2025-01-05 06:58:18] Shipping address formatted: asom, asom, asom 7544322
[05-Jan-2025 06:58:18 Europe/Berlin] [2025-01-05 06:58:18] Attempting to create order with data: Array
(
    [user_id] => 3
    [shipping_address] => asom, asom, asom 7544322
    [total_amount] => 24.99
)

[05-Jan-2025 06:58:18 Europe/Berlin] [2025-01-05 06:58:18] Transaction rolled back
[05-Jan-2025 06:58:18 Europe/Berlin] [2025-01-05 06:58:18] Error in createOrder: There is already an active transaction
[05-Jan-2025 06:58:18 Europe/Berlin] [2025-01-05 06:58:18] Stack trace: #0 C:\xampp\htdocs\pepecomics\php\models\Order.php(10): PDO->beginTransaction()
#1 C:\xampp\htdocs\pepecomics\php\controllers\orders.php(141): Order->createOrder(Array)
#2 C:\xampp\htdocs\pepecomics\php\controllers\orders.php(68): OrdersController->createOrder(Array)
#3 C:\xampp\htdocs\pepecomics\php\controllers\orders.php(300): OrdersController->handleRequest()
#4 {main}
[05-Jan-2025 07:01:42 Europe/Berlin] [2025-01-05 07:01:42] Starting order creation process
[05-Jan-2025 07:01:42 Europe/Berlin] [2025-01-05 07:01:42] Data received: Array
(
    [action] => create
    [subtotal] => 24.99
    [discount] => 0
    [total] => 24.99
    [name] => Admin User
    [email] => admin@pepecomics.com
    [phone] => 988887666
    [address] => asom
    [city] => asom
    [state] => asom
    [postal_code] => 7544322
    [payment_method] => Cash
    [card_number] => 
    [expiry] => 
    [cvv] => 
    [upi_id] => 
)

[05-Jan-2025 07:01:42 Europe/Berlin] Cart Query: SELECT c.comic_id, c.title, c.price, c.stock, c.image_name as image, c.author,
                         cart.quantity, (c.price * cart.quantity) as total_price 
                  FROM cart 
                  JOIN comics c ON cart.comic_id = c.comic_id 
                  WHERE cart.user_id = :user_id
[05-Jan-2025 07:01:42 Europe/Berlin] User ID: 3
[05-Jan-2025 07:01:42 Europe/Berlin] Cart Results: Array
(
    [0] => Array
        (
            [comic_id] => 3
            [title] => Space Warriors
            [price] => 24.99
            [stock] => 25
            [image] => space-warriors.jpg
            [author] => Mike Scribe
            [quantity] => 1
            [total_price] => 24.99
        )

)

[05-Jan-2025 07:01:42 Europe/Berlin] [2025-01-05 07:01:42] Cart items retrieved: Array
(
    [0] => Array
        (
            [comic_id] => 3
            [title] => Space Warriors
            [price] => 24.99
            [stock] => 25
            [image] => space-warriors.jpg
            [author] => Mike Scribe
            [quantity] => 1
            [total_price] => 24.99
        )

)

[05-Jan-2025 07:01:42 Europe/Berlin] [2025-01-05 07:01:42] Transaction started
[05-Jan-2025 07:01:42 Europe/Berlin] [2025-01-05 07:01:42] Shipping address formatted: asom, asom, asom 7544322
[05-Jan-2025 07:01:42 Europe/Berlin] [2025-01-05 07:01:42] Attempting to create order with data: Array
(
    [user_id] => 3
    [shipping_address] => asom, asom, asom 7544322
    [total_amount] => 24.99
)

[05-Jan-2025 07:01:42 Europe/Berlin] Cart Query: SELECT c.comic_id, c.title, c.price, c.stock, c.image_name as image, c.author,
                         cart.quantity, (c.price * cart.quantity) as total_price 
                  FROM cart 
                  JOIN comics c ON cart.comic_id = c.comic_id 
                  WHERE cart.user_id = :user_id
[05-Jan-2025 07:01:42 Europe/Berlin] User ID: 3
[05-Jan-2025 07:01:42 Europe/Berlin] Cart Results: Array
(
    [0] => Array
        (
            [comic_id] => 3
            [title] => Space Warriors
            [price] => 24.99
            [stock] => 25
            [image] => space-warriors.jpg
            [author] => Mike Scribe
            [quantity] => 1
            [total_price] => 24.99
        )

)

[05-Jan-2025 07:01:42 Europe/Berlin] [2025-01-05 07:01:42] Order created with ID: 4
[05-Jan-2025 07:01:42 Europe/Berlin] [2025-01-05 07:01:42] Attempting to create payment with data: Array
(
    [order_id] => 4
    [amount] => 24.99
    [payment_method] => Cash
    [status] => Pending
)

[05-Jan-2025 07:01:42 Europe/Berlin] [2025-01-05 07:01:42] Payment creation result: Success
[05-Jan-2025 07:01:42 Europe/Berlin] [2025-01-05 07:01:42] Cart cleared result: Success
[05-Jan-2025 07:01:42 Europe/Berlin] [2025-01-05 07:01:42] Transaction committed successfully
[05-Jan-2025 07:04:54 Europe/Berlin] [2025-01-05 07:04:54] Starting order creation process
[05-Jan-2025 07:04:54 Europe/Berlin] [2025-01-05 07:04:54] Data received: Array
(
    [action] => create
    [subtotal] => 24.99
    [discount] => 0
    [total] => 24.99
    [name] => Admin User
    [email] => admin@pepecomics.com
    [phone] => 988887666
    [address] => asom
    [city] => asom
    [state] => asom
    [postal_code] => 7544322
    [payment_method] => Cash
    [card_number] => 
    [expiry] => 
    [cvv] => 
    [upi_id] => 
)

[05-Jan-2025 07:04:54 Europe/Berlin] Cart Query: SELECT c.comic_id, c.title, c.price, c.stock, c.image_name as image, c.author,
                         cart.quantity, (c.price * cart.quantity) as total_price 
                  FROM cart 
                  JOIN comics c ON cart.comic_id = c.comic_id 
                  WHERE cart.user_id = :user_id
[05-Jan-2025 07:04:54 Europe/Berlin] User ID: 3
[05-Jan-2025 07:04:54 Europe/Berlin] Cart Results: Array
(
)

[05-Jan-2025 07:04:54 Europe/Berlin] [2025-01-05 07:04:54] Cart items retrieved: Array
(
)

[05-Jan-2025 07:04:54 Europe/Berlin] [2025-01-05 07:04:54] Error: Cart is empty
[05-Jan-2025 07:05:23 Europe/Berlin] [2025-01-05 07:05:23] Starting order creation process
[05-Jan-2025 07:05:23 Europe/Berlin] [2025-01-05 07:05:23] Data received: Array
(
    [action] => create
    [subtotal] => 16.99
    [discount] => 0
    [total] => 16.99
    [name] => Admin User
    [email] => admin@pepecomics.com
    [phone] => 988887666
    [address] => asom
    [city] => asom
    [state] => asom
    [postal_code] => 7544322
    [payment_method] => Cash
    [card_number] => 
    [expiry] => 
    [cvv] => 
    [upi_id] => 
)

[05-Jan-2025 07:05:23 Europe/Berlin] Cart Query: SELECT c.comic_id, c.title, c.price, c.stock, c.image_name as image, c.author,
                         cart.quantity, (c.price * cart.quantity) as total_price 
                  FROM cart 
                  JOIN comics c ON cart.comic_id = c.comic_id 
                  WHERE cart.user_id = :user_id
[05-Jan-2025 07:05:23 Europe/Berlin] User ID: 3
[05-Jan-2025 07:05:23 Europe/Berlin] Cart Results: Array
(
    [0] => Array
        (
            [comic_id] => 12
            [title] => Zombie Apocalypse
            [price] => 16.99
            [stock] => 40
            [image] => zombie-apocalypse.jpg
            [author] => Horror Writer
            [quantity] => 1
            [total_price] => 16.99
        )

)

[05-Jan-2025 07:05:23 Europe/Berlin] [2025-01-05 07:05:23] Cart items retrieved: Array
(
    [0] => Array
        (
            [comic_id] => 12
            [title] => Zombie Apocalypse
            [price] => 16.99
            [stock] => 40
            [image] => zombie-apocalypse.jpg
            [author] => Horror Writer
            [quantity] => 1
            [total_price] => 16.99
        )

)

[05-Jan-2025 07:05:23 Europe/Berlin] [2025-01-05 07:05:23] Transaction started
[05-Jan-2025 07:05:23 Europe/Berlin] [2025-01-05 07:05:23] Shipping address formatted: asom, asom, asom 7544322
[05-Jan-2025 07:05:23 Europe/Berlin] [2025-01-05 07:05:23] Attempting to create order with data: Array
(
    [user_id] => 3
    [shipping_address] => asom, asom, asom 7544322
    [total_amount] => 16.99
)

[05-Jan-2025 07:05:23 Europe/Berlin] Cart Query: SELECT c.comic_id, c.title, c.price, c.stock, c.image_name as image, c.author,
                         cart.quantity, (c.price * cart.quantity) as total_price 
                  FROM cart 
                  JOIN comics c ON cart.comic_id = c.comic_id 
                  WHERE cart.user_id = :user_id
[05-Jan-2025 07:05:23 Europe/Berlin] User ID: 3
[05-Jan-2025 07:05:23 Europe/Berlin] Cart Results: Array
(
    [0] => Array
        (
            [comic_id] => 12
            [title] => Zombie Apocalypse
            [price] => 16.99
            [stock] => 40
            [image] => zombie-apocalypse.jpg
            [author] => Horror Writer
            [quantity] => 1
            [total_price] => 16.99
        )

)

[05-Jan-2025 07:05:23 Europe/Berlin] [2025-01-05 07:05:23] Order created with ID: 5
[05-Jan-2025 07:05:23 Europe/Berlin] [2025-01-05 07:05:23] Attempting to create payment with data: Array
(
    [order_id] => 5
    [amount] => 16.99
    [payment_method] => Cash
    [status] => Pending
)

[05-Jan-2025 07:05:23 Europe/Berlin] [2025-01-05 07:05:23] Payment creation result: Success
[05-Jan-2025 07:05:23 Europe/Berlin] [2025-01-05 07:05:23] Cart cleared result: Success
[05-Jan-2025 07:05:23 Europe/Berlin] [2025-01-05 07:05:23] Transaction committed successfully
[06-Jan-2025 12:00:13 Europe/Berlin] [2025-01-06 12:00:13] Starting order creation process
[06-Jan-2025 12:00:13 Europe/Berlin] [2025-01-06 12:00:13] Data received: Array
(
    [action] => create
    [subtotal] => 104.95
    [discount] => 10.495
    [total] => 94.455
    [name] => Admin User
    [email] => admin@comicbazaar.com
    [phone] => 99999999999
    [address] => 321 Maple Lane
    [city] => Gotham
    [state] => NJ
    [postal_code] => 07030
    [payment_method] => Cash
    [card_number] => 
    [expiry] => 
    [cvv] => 
    [upi_id] => 
)

[06-Jan-2025 12:00:13 Europe/Berlin] Cart Query: SELECT c.comic_id, c.title, c.price, c.stock, c.image_name as image, c.author,
                         cart.quantity, (c.price * cart.quantity) as total_price 
                  FROM cart 
                  JOIN comics c ON cart.comic_id = c.comic_id 
                  WHERE cart.user_id = :user_id
[06-Jan-2025 12:00:13 Europe/Berlin] User ID: 1
[06-Jan-2025 12:00:13 Europe/Berlin] Cart Results: Array
(
    [0] => Array
        (
            [comic_id] => 1
            [title] => The Amazing Adventures of Pepe
            [price] => 19.99
            [stock] => 50
            [image] => pepe-adventures.jpg
            [author] => John Writer
            [quantity] => 1
            [total_price] => 19.99
        )

    [1] => Array
        (
            [comic_id] => 3
            [title] => Space Warriors
            [price] => 24.99
            [stock] => 24
            [image] => space-warriors.jpg
            [author] => Mike Scribe
            [quantity] => 3
            [total_price] => 74.97
        )

    [2] => Array
        (
            [comic_id] => 5
            [title] => Laughing with Pepe
            [price] => 9.99
            [stock] => 100
            [image] => laughing-pepe.jpg
            [author] => Comedy King
            [quantity] => 1
            [total_price] => 9.99
        )

)

[06-Jan-2025 12:00:13 Europe/Berlin] [2025-01-06 12:00:13] Cart items retrieved: Array
(
    [0] => Array
        (
            [comic_id] => 1
            [title] => The Amazing Adventures of Pepe
            [price] => 19.99
            [stock] => 50
            [image] => pepe-adventures.jpg
            [author] => John Writer
            [quantity] => 1
            [total_price] => 19.99
        )

    [1] => Array
        (
            [comic_id] => 3
            [title] => Space Warriors
            [price] => 24.99
            [stock] => 24
            [image] => space-warriors.jpg
            [author] => Mike Scribe
            [quantity] => 3
            [total_price] => 74.97
        )

    [2] => Array
        (
            [comic_id] => 5
            [title] => Laughing with Pepe
            [price] => 9.99
            [stock] => 100
            [image] => laughing-pepe.jpg
            [author] => Comedy King
            [quantity] => 1
            [total_price] => 9.99
        )

)

[06-Jan-2025 12:00:13 Europe/Berlin] [2025-01-06 12:00:13] Transaction started
[06-Jan-2025 12:00:13 Europe/Berlin] [2025-01-06 12:00:13] Shipping address formatted: 321 Maple Lane, Gotham, NJ 07030
[06-Jan-2025 12:00:13 Europe/Berlin] [2025-01-06 12:00:13] Attempting to create order with data: Array
(
    [user_id] => 1
    [shipping_address] => 321 Maple Lane, Gotham, NJ 07030
    [total_amount] => 94.455
)

[06-Jan-2025 12:00:13 Europe/Berlin] Cart Query: SELECT c.comic_id, c.title, c.price, c.stock, c.image_name as image, c.author,
                         cart.quantity, (c.price * cart.quantity) as total_price 
                  FROM cart 
                  JOIN comics c ON cart.comic_id = c.comic_id 
                  WHERE cart.user_id = :user_id
[06-Jan-2025 12:00:13 Europe/Berlin] User ID: 1
[06-Jan-2025 12:00:13 Europe/Berlin] Cart Results: Array
(
    [0] => Array
        (
            [comic_id] => 1
            [title] => The Amazing Adventures of Pepe
            [price] => 19.99
            [stock] => 50
            [image] => pepe-adventures.jpg
            [author] => John Writer
            [quantity] => 1
            [total_price] => 19.99
        )

    [1] => Array
        (
            [comic_id] => 3
            [title] => Space Warriors
            [price] => 24.99
            [stock] => 24
            [image] => space-warriors.jpg
            [author] => Mike Scribe
            [quantity] => 3
            [total_price] => 74.97
        )

    [2] => Array
        (
            [comic_id] => 5
            [title] => Laughing with Pepe
            [price] => 9.99
            [stock] => 100
            [image] => laughing-pepe.jpg
            [author] => Comedy King
            [quantity] => 1
            [total_price] => 9.99
        )

)

[06-Jan-2025 12:00:13 Europe/Berlin] [2025-01-06 12:00:13] Order created with ID: 6
[06-Jan-2025 12:00:13 Europe/Berlin] [2025-01-06 12:00:13] Attempting to create payment with data: Array
(
    [order_id] => 6
    [amount] => 94.455
    [payment_method] => Cash
    [status] => Pending
)

[06-Jan-2025 12:00:13 Europe/Berlin] [2025-01-06 12:00:13] Payment creation result: Success
[06-Jan-2025 12:00:13 Europe/Berlin] [2025-01-06 12:00:13] Cart cleared result: Success
[06-Jan-2025 12:00:13 Europe/Berlin] [2025-01-06 12:00:13] Transaction committed successfully
[07-Jan-2025 13:06:41 Europe/Berlin] [2025-01-07 13:06:41] Starting order creation process
[07-Jan-2025 13:06:41 Europe/Berlin] [2025-01-07 13:06:41] Data received: Array
(
    [action] => create
    [subtotal] => 22.99
    [discount] => 0
    [total] => 22.99
    [name] => Admin User
    [email] => jortsungimchen@gmaiul.com
    [phone] => 09362416350
    [address] => sugam path, Zoo tiniali
    [city] => Gotham
    [state] => NJ
    [postal_code] => 07030
    [payment_method] => Cash
    [card_number] => 
    [expiry] => 
    [cvv] => 
    [upi_id] => 
)

[07-Jan-2025 13:06:41 Europe/Berlin] Cart Query: SELECT c.comic_id, c.title, c.price, c.stock, c.image_name as image, c.author,
                         cart.quantity, (c.price * cart.quantity) as total_price 
                  FROM cart 
                  JOIN comics c ON cart.comic_id = c.comic_id 
                  WHERE cart.user_id = :user_id
[07-Jan-2025 13:06:41 Europe/Berlin] User ID: 1
[07-Jan-2025 13:06:41 Europe/Berlin] Cart Results: Array
(
    [0] => Array
        (
            [comic_id] => 11
            [title] => Time Travelers
            [price] => 22.99
            [stock] => 25
            [image] => time-travelers.jpg
            [author] => Future Author
            [quantity] => 1
            [total_price] => 22.99
        )

)

[07-Jan-2025 13:06:41 Europe/Berlin] [2025-01-07 13:06:41] Cart items retrieved: Array
(
    [0] => Array
        (
            [comic_id] => 11
            [title] => Time Travelers
            [price] => 22.99
            [stock] => 25
            [image] => time-travelers.jpg
            [author] => Future Author
            [quantity] => 1
            [total_price] => 22.99
        )

)

[07-Jan-2025 13:06:41 Europe/Berlin] [2025-01-07 13:06:41] Transaction started
[07-Jan-2025 13:06:41 Europe/Berlin] [2025-01-07 13:06:41] Shipping address formatted: sugam path, Zoo tiniali, Gotham, NJ 07030
[07-Jan-2025 13:06:41 Europe/Berlin] [2025-01-07 13:06:41] Attempting to create order with data: Array
(
    [user_id] => 1
    [shipping_address] => sugam path, Zoo tiniali, Gotham, NJ 07030
    [total_amount] => 22.99
)

[07-Jan-2025 13:06:41 Europe/Berlin] Cart Query: SELECT c.comic_id, c.title, c.price, c.stock, c.image_name as image, c.author,
                         cart.quantity, (c.price * cart.quantity) as total_price 
                  FROM cart 
                  JOIN comics c ON cart.comic_id = c.comic_id 
                  WHERE cart.user_id = :user_id
[07-Jan-2025 13:06:41 Europe/Berlin] User ID: 1
[07-Jan-2025 13:06:41 Europe/Berlin] Cart Results: Array
(
    [0] => Array
        (
            [comic_id] => 11
            [title] => Time Travelers
            [price] => 22.99
            [stock] => 25
            [image] => time-travelers.jpg
            [author] => Future Author
            [quantity] => 1
            [total_price] => 22.99
        )

)

[07-Jan-2025 13:06:41 Europe/Berlin] [2025-01-07 13:06:41] Order created with ID: 7
[07-Jan-2025 13:06:41 Europe/Berlin] [2025-01-07 13:06:41] Attempting to create payment with data: Array
(
    [order_id] => 7
    [amount] => 22.99
    [payment_method] => Cash
    [status] => Pending
)

[07-Jan-2025 13:06:41 Europe/Berlin] [2025-01-07 13:06:41] Payment creation result: Success
[07-Jan-2025 13:06:41 Europe/Berlin] [2025-01-07 13:06:41] Cart cleared result: Success
[07-Jan-2025 13:06:41 Europe/Berlin] [2025-01-07 13:06:41] Transaction committed successfully
